<?xml version="1.0" encoding="UTF-8"?>
<!-- Generated by org.testng.reporters.JUnitReportReporter -->
<testsuite hostname="ASUS_Vivobook" failures="0" tests="1" name="ecommerceTesting.TestCases.ShoppingFlowTest" time="27.806" errors="0" timestamp="2025-06-19T12:19:57 NPT" skipped="0">
  <testcase classname="ecommerceTesting.TestCases.ShoppingFlowTest" name="addProductsToCart" time="27.806"/>
</testsuite> <!-- ecommerceTesting.TestCases.ShoppingFlowTest -->
